<?xml version="1.0" encoding="UTF-8"?>
<!-- Generated by org.testng.reporters.JUnitXMLReporter -->
<testsuite ignored="4" hostname="GDLA-LT-200622B" failures="0" tests="1" name="Default test" time="5.209" errors="0" timestamp="2021-11-26T00:55:39 CST">
  <testcase classname="FirstAPITest" name="PostLogin" time="5.129"/>
  <testcase classname="FirstAPITest" name="f" time="0.0">
    <ignored/>
  </testcase> <!-- f -->
  <testcase classname="FirstAPITest" name="PostCreate" time="0.0">
    <ignored/>
  </testcase> <!-- PostCreate -->
  <testcase classname="FirstAPITest" name="PostRegister" time="0.0">
    <ignored/>
  </testcase> <!-- PostRegister -->
  <testcase classname="FirstAPITest" name="f_Gherkin" time="0.0">
    <ignored/>
  </testcase> <!-- f_Gherkin -->
</testsuite> <!-- Default test -->
