<?xml version="1.0" encoding="UTF-8"?>
<testng-results ignored="4" total="5" passed="1" failed="0" skipped="0">
  <reporter-output>
    <line>
      <![CDATA[https://reqres.in/api/login]]>
    </line>
    <line>
      <![CDATA[Body sent: {"password":"cityslicka","email":"eve.holt@reqres.in"}]]>
    </line>
    <line>
      <![CDATA[200]]>
    </line>
    <line>
      <![CDATA[{"token":"QpwL5tke4Pnpja7X4"}]]>
    </line>
  </reporter-output>
  <suite started-at="2021-11-26T00:55:34 CST" name="Default suite" finished-at="2021-11-26T00:55:39 CST" duration-ms="5209">
    <groups>
    </groups>
    <test started-at="2021-11-26T00:55:34 CST" name="Default test" finished-at="2021-11-26T00:55:39 CST" duration-ms="5209">
      <class name="FirstAPITest">
        <test-method is-config="true" signature="beforeSuite()[pri:0, instance:FirstAPITest@193f604a]" started-at="2021-11-26T00:55:33 CST" name="beforeSuite" finished-at="2021-11-26T00:55:34 CST" duration-ms="18" status="PASS">
          <reporter-output>
          </reporter-output>
        </test-method> <!-- beforeSuite -->
        <test-method is-config="true" signature="beforeMethod()[pri:0, instance:FirstAPITest@193f604a]" started-at="2021-11-26T00:55:34 CST" name="beforeMethod" finished-at="2021-11-26T00:55:34 CST" duration-ms="0" status="PASS">
          <reporter-output>
          </reporter-output>
        </test-method> <!-- beforeMethod -->
        <test-method signature="PostLogin()[pri:0, instance:FirstAPITest@193f604a]" started-at="2021-11-26T00:55:34 CST" name="PostLogin" finished-at="2021-11-26T00:55:39 CST" duration-ms="5129" status="PASS">
          <reporter-output>
            <line>
              <![CDATA[https://reqres.in/api/login]]>
            </line>
            <line>
              <![CDATA[Body sent: {"password":"cityslicka","email":"eve.holt@reqres.in"}]]>
            </line>
            <line>
              <![CDATA[200]]>
            </line>
            <line>
              <![CDATA[{"token":"QpwL5tke4Pnpja7X4"}]]>
            </line>
          </reporter-output>
        </test-method> <!-- PostLogin -->
      </class> <!-- FirstAPITest -->
    </test> <!-- Default test -->
  </suite> <!-- Default suite -->
</testng-results>
